\BOOKMARK [1][-]{section.1}{\376\377\000I\000n\000t\000r\000o\000d\000u\000c\000t\000i\000o\000n}{}% 1
\BOOKMARK [1][-]{section.2}{\376\377\000B\000a\000c\000k\000g\000r\000o\000u\000n\000d}{}% 2
\BOOKMARK [2][-]{subsection.2.1}{\376\377\000M\000u\000l\000t\000i\000-\000O\000b\000j\000e\000c\000t\000i\000v\000e\000\040\000R\000e\000i\000n\000f\000o\000r\000c\000e\000m\000e\000n\000t\000\040\000L\000e\000a\000r\000n\000i\000n\000g}{section.2}% 3
\BOOKMARK [2][-]{subsection.2.2}{\376\377\000M\000u\000l\000t\000i\000-\000O\000b\000j\000e\000c\000t\000i\000v\000e\000\040\000M\000e\000t\000r\000i\000c\000s}{section.2}% 4
\BOOKMARK [1][-]{section.3}{\376\377\000C\000O\000V\000I\000D\000-\0001\0009\000\040\000m\000o\000d\000e\000l\000\040\000a\000n\000d\000\040\000t\000h\000e\000\040\000M\000O\000B\000e\000l\000C\000o\000v\000\040\000M\000O\000M\000D\000P}{}% 5
\BOOKMARK [2][-]{subsection.3.1}{\376\377\000S\000t\000o\000c\000h\000a\000s\000t\000i\000c\000\040\000c\000o\000m\000p\000a\000r\000t\000m\000e\000n\000t\000\040\000m\000o\000d\000e\000l\000\040\000f\000o\000r\000\040\000S\000A\000R\000S\000-\000C\000o\000V\000-\0002}{section.3}% 6
\BOOKMARK [2][-]{subsection.3.2}{\376\377\000I\000n\000t\000e\000r\000v\000e\000n\000t\000i\000o\000n\000s\000\040\000s\000t\000r\000a\000t\000e\000g\000i\000e\000s}{section.3}% 7
\BOOKMARK [2][-]{subsection.3.3}{\376\377\000T\000h\000e\000\040\000M\000O\000B\000e\000l\000C\000o\000v\000\040\000E\000n\000v\000i\000r\000o\000n\000m\000e\000n\000t}{section.3}% 8
\BOOKMARK [1][-]{section.4}{\376\377\000P\000a\000r\000e\000t\000o\000\040\000C\000o\000n\000d\000i\000t\000i\000o\000n\000e\000d\000\040\000N\000e\000t\000w\000o\000r\000k\000s}{}% 9
\BOOKMARK [2][-]{subsection.4.1}{\376\377\000P\000C\000N\000\040\000f\000o\000r\000\040\000c\000o\000n\000t\000i\000n\000u\000o\000u\000s\000\040\000a\000c\000t\000i\000o\000n\000s}{section.4}% 10
\BOOKMARK [2][-]{subsection.4.2}{\376\377\000C\000o\000p\000i\000n\000g\000\040\000w\000i\000t\000h\000\040\000s\000t\000o\000c\000h\000a\000s\000t\000i\000c\000\040\000t\000r\000a\000n\000s\000i\000t\000i\000o\000n\000s}{section.4}% 11
\BOOKMARK [1][-]{section.5}{\376\377\000A\000n\000a\000l\000y\000s\000i\000n\000g\000\040\000C\000O\000V\000I\000D\000-\0001\0009\000\040\000d\000e\000c\000o\000n\000f\000i\000n\000e\000m\000e\000n\000t\000\040\000p\000o\000l\000i\000c\000i\000e\000s}{}% 12
\BOOKMARK [2][-]{subsection.5.1}{\376\377\000L\000e\000a\000r\000n\000e\000d\000\040\000c\000o\000v\000e\000r\000a\000g\000e\000\040\000s\000e\000t}{section.5}% 13
\BOOKMARK [2][-]{subsection.5.2}{\376\377\000O\000D\000E\000\040\000v\000e\000r\000s\000u\000s\000\040\000B\000i\000n\000o\000m\000i\000a\000l\000\040\000m\000o\000d\000e\000l\000s}{section.5}% 14
\BOOKMARK [2][-]{subsection.5.3}{\376\377\000R\000A\000R\000H\000\040\000v\000e\000r\000s\000u\000s\000\040\000o\000n\000\040\000R\000A\000R\000I}{section.5}% 15
\BOOKMARK [2][-]{subsection.5.4}{\376\377\000R\000o\000b\000u\000s\000t\000n\000e\000s\000s\000\040\000o\000f\000\040\000p\000o\000l\000i\000c\000y\000\040\000e\000x\000e\000c\000u\000t\000i\000o\000n\000s}{section.5}% 16
\BOOKMARK [1][-]{section.6}{\376\377\000R\000e\000l\000a\000t\000e\000d\000\040\000w\000o\000r\000k}{}% 17
\BOOKMARK [1][-]{section.7}{\376\377\000C\000o\000n\000c\000l\000u\000s\000i\000o\000n\000\040\000a\000n\000d\000\040\000d\000i\000s\000c\000u\000s\000s\000i\000o\000n}{}% 18
\BOOKMARK [1][-]{appendix.A}{\376\377\000C\000o\000m\000p\000a\000r\000t\000m\000e\000n\000t\000a\000l\000\040\000m\000o\000d\000e\000l\000\040\000f\000o\000r\000\040\000S\000A\000R\000S\000-\000C\000o\000V\000-\0002}{}% 19
\BOOKMARK [2][-]{subsection.A.1}{\376\377\000D\000e\000t\000e\000r\000m\000i\000n\000i\000s\000t\000i\000c\000\040\000C\000o\000m\000p\000a\000r\000t\000m\000e\000n\000t\000a\000l\000\040\000M\000o\000d\000e\000l}{appendix.A}% 20
\BOOKMARK [2][-]{subsection.A.2}{\376\377\000S\000t\000o\000c\000h\000a\000s\000t\000i\000c\000\040\000C\000o\000m\000p\000a\000r\000t\000m\000e\000n\000t\000a\000l\000\040\000M\000o\000d\000e\000l}{appendix.A}% 21
\BOOKMARK [2][-]{subsection.A.3}{\376\377\000A\000\040\000N\000o\000t\000e\000\040\000o\000n\000\040\000M\000o\000d\000e\000l\000\040\000P\000a\000r\000a\000m\000e\000t\000e\000r\000s}{appendix.A}% 22
\BOOKMARK [2][-]{subsection.A.4}{\376\377\000M\000o\000d\000e\000l\000l\000i\000n\000g\000\040\000i\000n\000t\000e\000r\000v\000e\000n\000t\000i\000o\000n\000s}{appendix.A}% 23
\BOOKMARK [1][-]{appendix.B}{\376\377\000A\000d\000d\000i\000t\000i\000o\000n\000a\000l\000\040\000r\000e\000s\000u\000l\000t\000s}{}% 24
\BOOKMARK [2][-]{subsection.B.1}{\376\377\000L\000e\000a\000r\000n\000e\000d\000\040\000c\000o\000v\000e\000r\000a\000g\000e\000\040\000s\000e\000t\000s}{appendix.B}% 25
\BOOKMARK [2][-]{subsection.B.2}{\376\377\000P\000o\000l\000i\000c\000y\000\040\000e\000x\000e\000c\000u\000t\000i\000o\000n\000s}{appendix.B}% 26
\BOOKMARK [2][-]{subsection.B.3}{\376\377\000E\000x\000p\000e\000r\000i\000m\000e\000n\000t\000\040\000p\000a\000r\000a\000m\000e\000t\000e\000r\000s}{appendix.B}% 27
\BOOKMARK [2][-]{subsection.B.4}{\376\377\000N\000e\000u\000r\000a\000l\000\040\000n\000e\000t\000w\000o\000r\000k\000\040\000a\000r\000c\000h\000i\000t\000e\000c\000t\000u\000r\000e}{appendix.B}% 28
\BOOKMARK [1][-]{appendix.C}{\376\377\000R\000e\000l\000a\000t\000e\000d\000\040\000W\000o\000r\000k}{}% 29
